#-----------------------------------------------------------
# Vivado v2016.2 (64-bit)
# SW Build 1577090 on Thu Jun  2 16:32:40 MDT 2016
# IP Build 1577682 on Fri Jun  3 12:00:54 MDT 2016
# Start of session at: Tue Feb 18 13:48:56 2025
# Process ID: 2532
# Current directory: C:/Users/himan/OneDrive/Desktop/finaYRpro/trafficLight - Copy
# Command line: vivado.exe -gui_launcher_event rodinguilauncherevent12564 C:\Users\himan\OneDrive\Desktop\finaYRpro\trafficLight - Copy\trafficLight.xpr
# Log file: C:/Users/himan/OneDrive/Desktop/finaYRpro/trafficLight - Copy/vivado.log
# Journal file: C:/Users/himan/OneDrive/Desktop/finaYRpro/trafficLight - Copy\vivado.jou
#-----------------------------------------------------------
start_gui
open_project {C:/Users/himan/OneDrive/Desktop/finaYRpro/trafficLight - Copy/trafficLight.xpr}
Scanning sources...
Finished scanning sources
INFO: [IP_Flow 19-234] Refreshing IP repositories
INFO: [IP_Flow 19-1704] No user IP repositories specified
INFO: [IP_Flow 19-2313] Loaded Vivado IP repository 'C:/Xilinx/Vivado/2016.2/data/ip'.
open_project: Time (s): cpu = 00:00:08 ; elapsed = 00:00:09 . Memory (MB): peak = 776.512 ; gain = 94.145
update_compile_order -fileset sources_1
reset_run synth_1
launch_runs impl_1 -to_step write_bitstream
[Tue Feb 18 14:05:00 2025] Launched synth_1...
Run output will be captured here: C:/Users/himan/OneDrive/Desktop/finaYRpro/trafficLight - Copy/trafficLight.runs/synth_1/runme.log
[Tue Feb 18 14:05:00 2025] Launched impl_1...
Run output will be captured here: C:/Users/himan/OneDrive/Desktop/finaYRpro/trafficLight - Copy/trafficLight.runs/impl_1/runme.log
exit
INFO: [Common 17-206] Exiting Vivado at Tue Feb 18 14:44:48 2025...
