Unable to capture context for thread 9964 in process 12520, can not generate back trace
Unable to capture context for thread 13152 in process 12520, can not generate back trace
Unable to capture context for thread 19216 in process 12520, can not generate back trace
Exception at PC 0x00007FFEBC5DBB93
Printing stacktrace...

Exception at PC 0x00007FFF1107FB4C
Exception at PC 0x00007FFF1107FB4C
Exception at PC 0x00007FFF1107FB4C
Exception at PC 0x00007FFF1107FB4C
Exception at PC 0x00007FFF1107FB4C
Exception at PC 0x00007FFF1107FB4C
Exception at PC 0x00007FFF1107FB4C
Exception at PC 0x00007FFF1107FB4C
Exception at PC 0x00007FFF1107FB4C
[0]  [0x00007FFEBC5DBB93]
[1]  [0x00007FFEBC5DBB93]
[2]  [0x00007FFEBC5DB4A1]
[3]  [0x00007FFEBC5DB459]
[4]  [0x00007FFEBC5C19FE]
[5]  [0x00007FFEBC5C0ED1]
[6]  [0x00007FFEBC5C0D76]
[7]  [0x00007FFEBC5679F6]
[8]  [0x00007FFEBC557AFB]
[9]  [0x00007FFEBC67E90A]
[10]  [0x00007FFEBC699F87]
[11]  [0x00007FFEBC69A05F]
[12] (BaseThreadInitThunk+0x1d) [0x00007FFF1353259D]
[13] (RtlUserThreadStart+0x28) [0x00007FFF13ACAF38]
Done
Exception at PC 0x00007FFF1107FB4C
Exception at PC 0x00007FFF1107FB4C
Exception at PC 0x00007FFF1107FB4C
Exception at PC 0x00007FFF1107FB4C
Exception at PC 0x00007FFF1107FB4C
Exception at PC 0x00007FFF1107FB4C
Exception at PC 0x00007FFF1107FB4C
Exception at PC 0x00007FFF1107FB4C
Exception at PC 0x00007FFF1107FB4C
